Arguments: 
  C:\Program Files\nodejs\node.exe C:\Program Files (x86)\Yarn\bin\yarn.js init

PATH: 
  C:\WINDOWS\system32;C:\WINDOWS;C:\WINDOWS\System32\Wbem;C:\WINDOWS\System32\WindowsPowerShell\v1.0\;C:\WINDOWS\System32\OpenSSH\;C:\Program Files\nodejs\;C:\Program Files (x86)\Yarn\bin\;C:\Program Files\Git\cmd;D:\Temp\Local\Microsoft\WindowsApps;C:\Users\fomen\AppData\Roaming\npm;C:\Users\fomen\AppData\Local\Yarn\bin

Yarn version: 
  1.10.1

Node version: 
  10.12.0

Platform: 
  win32 x64

Trace: 
  Error: canceled
      at Interface.<anonymous> (C:\Program Files (x86)\Yarn\lib\cli.js:116426:13)
      at Interface.emit (events.js:182:13)
      at Interface._ttyWrite (readline.js:783:16)
      at ReadStream.onkeypress (readline.js:168:10)
      at ReadStream.emit (events.js:182:13)
      at emitKeys (internal/readline.js:424:14)
      at emitKeys.next (<anonymous>)
      at ReadStream.onData (readline.js:1022:36)
      at ReadStream.emit (events.js:182:13)
      at addChunk (_stream_readable.js:283:12)

npm manifest: 
  No manifest

yarn manifest: 
  No manifest

Lockfile: 
  No lockfile
